[monitor] getenv('QUOTING_STYLE') = '(null)'
[monitor] getenv('COLUMNS') = '(null)'
[monitor] getenv('TABSIZE') = '(null)'
[monitor] getenv('LS_BLOCK_SIZE') = '(null)'
[monitor] getenv('BLOCK_SIZE') = '(null)'
[monitor] getenv('BLOCKSIZE') = '(null)'
[monitor] getenv('POSIXLY_CORRECT') = '(null)'
[monitor] getenv('BLOCK_SIZE') = '(null)'
[monitor] getenv('LS_COLORS') = ':no=00:fi=00:di=01;31:ln=01;36:pi=40;33:so=01;35:bd=40;33;01:cd=40;33;01:ex=01;32:*.cmd=01;32:*.exe=01;32:*.com=01;32:*.btm=01;32:*.bat=01;32:*.tar=01;31:*.tgz=01;31:*.arj=01;31:*.taz=01;31:*.lzh=01;31:*.zip=01;31:*.z=01;31:*.Z=01;31:*.gz=01;31:*.jpg=01;35:*.gif=01;35:*.bmp=01;35:*.xbm=01;35:*.xpm=01;35:*.tif=01;35:*.c=01;33:*.cpp=01;33:*.MP3=01;44;37:*.mp3=01;44;37:*.pl=01;33:'
[monitor] getenv('TZ') = '(null)'
[monitor] opendir('.') = 0x1d8f1a0
[monitor] readdir(0x1d8f1a0) = 0x1d8f1d0
[monitor] readdir(0x1d8f1a0) = 0x1d8f1e8
[monitor] readdir(0x1d8f1a0) = 0x1d8f200
[monitor] readdir(0x1d8f1a0) = 0x1d8f220
[monitor] readdir(0x1d8f1a0) = 0x1d8f240
[monitor] readdir(0x1d8f1a0) = 0x1d8f260
[monitor] readdir(0x1d8f1a0) = 0x1d8f288
[monitor] readdir(0x1d8f1a0) = 0x1d8f2a0
[monitor] readdir(0x1d8f1a0) = 0x1d8f2b8
[monitor] readdir(0x1d8f1a0) = 0x1d8f2d8
[monitor] readdir(0x1d8f1a0) = 0x1d8f2f8
[monitor] readdir(0x1d8f1a0) = (nil)
[monitor] closedir(0x1d8f1a0) = 0
